Arguments: 
  /usr/local/bin/node /usr/local/bin/yarn add webpack@3.7.1 web pack-dev-server@2.9.1 babel-core@6.26.0 babel-loader@7.1.2 babel-preset-env@1.6.0 --dev

PATH: 
  /usr/local/bin:/usr/bin:/bin:/usr/sbin:/sbin

Yarn version: 
  1.5.1

Node version: 
  9.6.1

Platform: 
  darwin x64

npm manifest: 
  {
    "name": "es6",
    "version": "1.0.0",
    "main": "index.js",
    "license": "MIT"
  }

yarn manifest: 
  No manifest

Lockfile: 
  No lockfile

Trace: 
  Error: Couldn't find package "pack-dev-server" on the "npm" registry.
      at new MessageError (/usr/local/lib/node_modules/yarn/lib/cli.js:186:110)
      at NpmResolver.<anonymous> (/usr/local/lib/node_modules/yarn/lib/cli.js:51625:15)
      at Generator.next (<anonymous>)
      at step (/usr/local/lib/node_modules/yarn/lib/cli.js:98:30)
      at /usr/local/lib/node_modules/yarn/lib/cli.js:109:13
      at <anonymous>
      at process._tickCallback (internal/process/next_tick.js:160:7)
